0 info it worked if it ends with ok
1 verbose cli [ 'node', '/usr/local/bin/npm', 'install', 'seqeuelize', '--save' ]
2 info using npm@1.4.28
3 info using node@v0.10.32
4 warn package.json application-name@0.0.1 No repository field.
5 verbose readDependencies using package.json deps
6 verbose cache add [ 'seqeuelize', null ]
7 verbose cache add name=undefined spec="seqeuelize" args=["seqeuelize",null]
8 verbose parsed url { protocol: null,
8 verbose parsed url   slashes: null,
8 verbose parsed url   auth: null,
8 verbose parsed url   host: null,
8 verbose parsed url   port: null,
8 verbose parsed url   hostname: null,
8 verbose parsed url   hash: null,
8 verbose parsed url   search: null,
8 verbose parsed url   query: null,
8 verbose parsed url   pathname: 'seqeuelize',
8 verbose parsed url   path: 'seqeuelize',
8 verbose parsed url   href: 'seqeuelize' }
9 silly lockFile f13a504d-seqeuelize seqeuelize
10 verbose lock seqeuelize /Users/emilymacleod/.npm/f13a504d-seqeuelize.lock
11 silly lockFile f13a504d-seqeuelize seqeuelize
12 silly lockFile f13a504d-seqeuelize seqeuelize
13 verbose addNamed [ 'seqeuelize', '' ]
14 verbose addNamed [ null, '*' ]
15 silly lockFile 03a44896-seqeuelize seqeuelize@
16 verbose lock seqeuelize@ /Users/emilymacleod/.npm/03a44896-seqeuelize.lock
17 silly addNameRange { name: 'seqeuelize', range: '*', hasData: false }
18 verbose request where is /seqeuelize
19 verbose request registry https://registry.npmjs.org/
20 verbose request id 7344f8b424b167a0
21 verbose url raw /seqeuelize
22 verbose url resolving [ 'https://registry.npmjs.org/', './seqeuelize' ]
23 verbose url resolved https://registry.npmjs.org/seqeuelize
24 verbose request where is https://registry.npmjs.org/seqeuelize
25 info trying registry request attempt 1 at 10:38:32
26 http GET https://registry.npmjs.org/seqeuelize
27 http 404 https://registry.npmjs.org/seqeuelize
28 verbose headers { date: 'Fri, 19 Dec 2014 14:38:30 GMT',
28 verbose headers   server: 'CouchDB/1.5.0 (Erlang OTP/R16B03)',
28 verbose headers   'content-type': 'application/json',
28 verbose headers   'cache-control': 'max-age=0',
28 verbose headers   'content-length': '52',
28 verbose headers   'accept-ranges': 'bytes',
28 verbose headers   via: '1.1 varnish',
28 verbose headers   age: '0',
28 verbose headers   'x-served-by': 'cache-iad2122-IAD',
28 verbose headers   'x-cache': 'MISS',
28 verbose headers   'x-cache-hits': '0',
28 verbose headers   'x-timer': 'S1418999910.901655,VS0,VE86',
28 verbose headers   'keep-alive': 'timeout=10, max=50',
28 verbose headers   connection: 'Keep-Alive' }
29 silly registry.get cb [ 404,
29 silly registry.get   { date: 'Fri, 19 Dec 2014 14:38:30 GMT',
29 silly registry.get     server: 'CouchDB/1.5.0 (Erlang OTP/R16B03)',
29 silly registry.get     'content-type': 'application/json',
29 silly registry.get     'cache-control': 'max-age=0',
29 silly registry.get     'content-length': '52',
29 silly registry.get     'accept-ranges': 'bytes',
29 silly registry.get     via: '1.1 varnish',
29 silly registry.get     age: '0',
29 silly registry.get     'x-served-by': 'cache-iad2122-IAD',
29 silly registry.get     'x-cache': 'MISS',
29 silly registry.get     'x-cache-hits': '0',
29 silly registry.get     'x-timer': 'S1418999910.901655,VS0,VE86',
29 silly registry.get     'keep-alive': 'timeout=10, max=50',
29 silly registry.get     connection: 'Keep-Alive' } ]
30 silly lockFile 03a44896-seqeuelize seqeuelize@
31 silly lockFile 03a44896-seqeuelize seqeuelize@
32 error 404 404 Not Found: seqeuelize
32 error 404
32 error 404 'seqeuelize' is not in the npm registry.
32 error 404 You should bug the author to publish it
32 error 404 It was specified as a dependency of 'application-name'
32 error 404
32 error 404 Note that you can also install from a
32 error 404 tarball, folder, or http url, or git url.
33 error System Darwin 13.3.0
34 error command "node" "/usr/local/bin/npm" "install" "seqeuelize" "--save"
35 error cwd /Users/emilymacleod/WebstormProjects/speakeasy
36 error node -v v0.10.32
37 error npm -v 1.4.28
38 error code E404
39 verbose exit [ 1, true ]
